<?xml version="1.0" encoding="UTF-8"?>
<!-- Generated by org.testng.reporters.JUnitReportReporter -->
<testsuite hostname="DESKTOP-P6F1DDQ" failures="0" tests="1" name="testCases.TC_0013_SearchProductandVerifyCartAfterLogin" time="19.320" errors="0" timestamp="2024-10-21T13:00:57 IST" skipped="0">
  <testcase classname="testCases.TC_0013_SearchProductandVerifyCartAfterLogin" name="searchAndVerifyCartAfterLogin" time="19.320"/>
</testsuite> <!-- testCases.TC_0013_SearchProductandVerifyCartAfterLogin -->
