<?xml version="1.0" encoding="UTF-8"?>
<!-- Generated by org.testng.reporters.JUnitReportReporter -->
<testsuite hostname="DESKTOP-P6F1DDQ" failures="0" tests="1" name="testCases.TC_003_ContactUs_Test" time="19.091" errors="0" timestamp="2024-10-08T00:07:36 IST" skipped="0">
  <testcase classname="testCases.TC_003_ContactUs_Test" name="CotactUs" time="19.091"/>
</testsuite> <!-- testCases.TC_003_ContactUs_Test -->
