<?xml version="1.0" encoding="UTF-8"?>
<!-- Generated by org.testng.reporters.JUnitReportReporter -->
<testsuite hostname="DESKTOP-P6F1DDQ" failures="0" tests="1" name="testCases.TC_005_HomePageSubscription" time="1.078" errors="0" timestamp="2024-10-09T17:46:40 IST" skipped="0">
  <testcase classname="testCases.TC_005_HomePageSubscription" name="home_subscription" time="1.078"/>
</testsuite> <!-- testCases.TC_005_HomePageSubscription -->
