<?xml version="1.0" encoding="UTF-8"?>
<!-- Generated by org.testng.reporters.JUnitReportReporter -->
<testsuite hostname="DESKTOP-P6F1DDQ" failures="0" tests="1" name="testCases.TC_009_PlaceOrderLoginBeforeCheckOut" time="49.866" errors="0" timestamp="2024-10-18T15:55:25 IST" skipped="0">
  <testcase classname="testCases.TC_009_PlaceOrderLoginBeforeCheckOut" name="PlaceOrderAfterLogin" time="49.866"/>
</testsuite> <!-- testCases.TC_009_PlaceOrderLoginBeforeCheckOut -->
