<?xml version="1.0" encoding="UTF-8"?>
<!-- Generated by org.testng.reporters.JUnitReportReporter -->
<testsuite hostname="DESKTOP-P6F1DDQ" failures="0" tests="1" name="testCases.TC_0015_AddToCart_Recommended_Items" time="0.330" errors="0" timestamp="2024-10-22T16:45:37 IST" skipped="0">
  <testcase classname="testCases.TC_0015_AddToCart_Recommended_Items" name="AddTocartRecommendedItems" time="0.330"/>
</testsuite> <!-- testCases.TC_0015_AddToCart_Recommended_Items -->
