<?xml version="1.0" encoding="UTF-8"?>
<!-- Generated by org.testng.reporters.JUnitReportReporter -->
<testsuite hostname="DESKTOP-P6F1DDQ" failures="0" tests="1" name="testCases.TC_006_CartTest" time="6.557" errors="0" timestamp="2024-10-17T19:24:41 IST" skipped="0">
  <testcase classname="testCases.TC_006_CartTest" name="addToCartProducts" time="6.557"/>
</testsuite> <!-- testCases.TC_006_CartTest -->
