<?xml version="1.0" encoding="UTF-8"?>
<!-- Generated by org.testng.reporters.JUnitReportReporter -->
<testsuite hostname="DESKTOP-P6F1DDQ" failures="0" tests="1" name="testCases.TC_006_CartTest" time="23.213" errors="0" timestamp="2024-10-14T13:38:09 IST" skipped="0">
  <testcase classname="testCases.TC_006_CartTest" name="Verify_fourth_Product_Quantity" time="23.213"/>
</testsuite> <!-- testCases.TC_006_CartTest -->
