<?xml version="1.0" encoding="UTF-8"?>
<!-- Generated by org.testng.reporters.JUnitReportReporter -->
<testsuite hostname="DESKTOP-P6F1DDQ" failures="0" tests="1" name="testCases.TC_017_DownloadIvoiceAfterPurchaseOrder" time="51.732" errors="0" timestamp="2024-10-26T15:38:12 IST" skipped="0">
  <testcase classname="testCases.TC_017_DownloadIvoiceAfterPurchaseOrder" name="downloadInvoiceAfterPurchaseOrder" time="51.732"/>
</testsuite> <!-- testCases.TC_017_DownloadIvoiceAfterPurchaseOrder -->
