<?xml version="1.0" encoding="UTF-8"?>
<!-- Generated by org.testng.reporters.JUnitReportReporter -->
<testsuite hostname="DESKTOP-P6F1DDQ" failures="0" tests="1" name="testCases.TC_0010_RemoveProductsFromCart" time="11.764" errors="0" timestamp="2024-10-18T18:35:29 IST" skipped="0">
  <testcase classname="testCases.TC_0010_RemoveProductsFromCart" name="removeProductsFromcart" time="11.764"/>
</testsuite> <!-- testCases.TC_0010_RemoveProductsFromCart -->
