<?xml version="1.0" encoding="UTF-8"?>
<!-- Generated by org.testng.reporters.JUnitReportReporter -->
<testsuite hostname="DESKTOP-P6F1DDQ" failures="0" tests="1" name="testCases.TC_016_VerifyAddressDetailsInCheckOutPage" time="30.257" errors="0" timestamp="2024-10-23T20:22:27 IST" skipped="0">
  <testcase classname="testCases.TC_016_VerifyAddressDetailsInCheckOutPage" name="verifyAddressinCheckout" time="30.257"/>
</testsuite> <!-- testCases.TC_016_VerifyAddressDetailsInCheckOutPage -->
