<?xml version="1.0" encoding="UTF-8"?>
<!-- Generated by org.testng.reporters.JUnitReportReporter -->
<testsuite hostname="DESKTOP-P6F1DDQ" failures="0" tests="1" name="testCases.TC_001_RegisterUser" time="176.189" errors="0" timestamp="2024-10-02T18:24:08 IST" skipped="0">
  <testcase classname="testCases.TC_001_RegisterUser" name="registerNewUser" time="176.189"/>
</testsuite> <!-- testCases.TC_001_RegisterUser -->
