<?xml version="1.0" encoding="UTF-8"?>
<!-- Generated by org.testng.reporters.JUnitReportReporter -->
<testsuite hostname="DESKTOP-P6F1DDQ" failures="0" tests="1" name="testCases.TC_004_ProductsTest" time="7.078" errors="0" timestamp="2024-10-09T14:45:44 IST" skipped="0">
  <testcase classname="testCases.TC_004_ProductsTest" name="search_Functionality" time="7.078"/>
</testsuite> <!-- testCases.TC_004_ProductsTest -->
