<?xml version="1.0" encoding="UTF-8"?>
<!-- Generated by org.testng.reporters.JUnitReportReporter -->
<testsuite hostname="DESKTOP-P6F1DDQ" failures="0" tests="1" name="testCases.TC_007_PlaceOrderWithRegister" time="33.869" errors="0" timestamp="2024-10-17T19:00:30 IST" skipped="0">
  <testcase classname="testCases.TC_007_PlaceOrderWithRegister" name="PlaceOrderWithRegister" time="33.869"/>
</testsuite> <!-- testCases.TC_007_PlaceOrderWithRegister -->
