<?xml version="1.0" encoding="UTF-8"?>
<!-- Generated by org.testng.reporters.JUnitReportReporter -->
<testsuite hostname="DESKTOP-P6F1DDQ" failures="0" tests="1" name="testCases.TC_0011_ViewCategoryProducts" time="9.275" errors="0" timestamp="2024-10-19T16:30:50 IST" skipped="0">
  <testcase classname="testCases.TC_0011_ViewCategoryProducts" name="viewProducsCategory" time="9.275"/>
</testsuite> <!-- testCases.TC_0011_ViewCategoryProducts -->
