<?xml version="1.0" encoding="UTF-8"?>
<!-- Generated by org.testng.reporters.JUnitReportReporter -->
<testsuite hostname="DESKTOP-P6F1DDQ" failures="0" tests="1" name="testCases.TC_008_PlaceOrder_RegisterBeforeCheckout" time="78.941" errors="0" timestamp="2024-10-18T11:54:21 IST" skipped="0">
  <testcase classname="testCases.TC_008_PlaceOrder_RegisterBeforeCheckout" name="placeOrderAfterRegistraition" time="78.941"/>
</testsuite> <!-- testCases.TC_008_PlaceOrder_RegisterBeforeCheckout -->
