<?xml version="1.0" encoding="UTF-8"?>
<!-- Generated by org.testng.reporters.JUnitReportReporter -->
<testsuite hostname="DESKTOP-P6F1DDQ" failures="0" tests="1" name="testCases.TC_0015_AddToCart_Recommended_Items" time="16.569" errors="0" timestamp="2024-10-22T20:30:51 IST" skipped="0">
  <testcase classname="testCases.TC_0015_AddToCart_Recommended_Items" name="AddTocartRecommendedItems" time="16.569"/>
</testsuite> <!-- testCases.TC_0015_AddToCart_Recommended_Items -->
