<?xml version="1.0" encoding="UTF-8"?>
<!-- Generated by org.testng.reporters.JUnitReportReporter -->
<testsuite hostname="DESKTOP-P6F1DDQ" failures="0" tests="1" name="testCases.TC_018_VerifyScrollUPUsingArrow" time="1.281" errors="0" timestamp="2024-10-24T16:11:08 IST" skipped="0">
  <testcase classname="testCases.TC_018_VerifyScrollUPUsingArrow" name="verify_ScrollUpFunctionality" time="1.281"/>
</testsuite> <!-- testCases.TC_018_VerifyScrollUPUsingArrow -->
