<?xml version="1.0" encoding="UTF-8"?>
<!-- Generated by org.testng.reporters.JUnitReportReporter -->
<testsuite hostname="DESKTOP-P6F1DDQ" failures="0" tests="1" name="testCases.TC_0014_WriteReviewOnAnyProduct" time="6.463" errors="0" timestamp="2024-10-21T16:32:41 IST" skipped="0">
  <testcase classname="testCases.TC_0014_WriteReviewOnAnyProduct" name="WriteReviewOnProduct" time="6.463"/>
</testsuite> <!-- testCases.TC_0014_WriteReviewOnAnyProduct -->
