<?xml version="1.0" encoding="UTF-8"?>
<!-- Generated by org.testng.reporters.JUnitReportReporter -->
<testsuite hostname="DESKTOP-P6F1DDQ" failures="0" tests="1" name="testCases.TC_007_VerifyTestCasesPage" time="1.804" errors="0" timestamp="2024-10-26T16:26:22 IST" skipped="0">
  <testcase classname="testCases.TC_007_VerifyTestCasesPage" name="verifyTestCasesPage" time="1.804"/>
</testsuite> <!-- testCases.TC_007_VerifyTestCasesPage -->
