<?xml version="1.0" encoding="UTF-8"?>
<!-- Generated by org.testng.reporters.JUnitReportReporter -->
<testsuite hostname="DESKTOP-P6F1DDQ" failures="0" tests="1" name="testCases.TC_005_RegisterWithExistingEmail" time="3.988" errors="0" timestamp="2024-10-26T16:12:42 IST" skipped="0">
  <testcase classname="testCases.TC_005_RegisterWithExistingEmail" name="registerWithExistingeEmail" time="3.988"/>
</testsuite> <!-- testCases.TC_005_RegisterWithExistingEmail -->
